<?xml version="1.0" encoding="UTF-8"?>
<testsuite xmlns:xsi="http://www.w3.org/2001/XMLSchema-instance" xsi:noNamespaceSchemaLocation="https://maven.apache.org/surefire/maven-surefire-plugin/xsd/surefire-test-report.xsd" name="com.itheima.test.UploadFileTest" time="0.027" tests="1" errors="0" skipped="0" failures="0">
  <properties>
    <property name="gopherProxySet" value="false"/>
    <property name="awt.toolkit" value="sun.lwawt.macosx.LWCToolkit"/>
    <property name="socksProxyHost" value="127.0.0.1"/>
    <property name="http.proxyHost" value="127.0.0.1"/>
    <property name="java.specification.version" value="1.8"/>
    <property name="file.encoding.pkg" value="sun.io"/>
    <property name="sun.cpu.isalist" value=""/>
    <property name="sun.jnu.encoding" value="UTF-8"/>
    <property name="java.class.path" value="/Users/yifancheung/Desktop/IC_MSc/JOB/SSM框架/SpringBoot/瑞吉外卖/reggie_takeout/target/test-classes:/Users/yifancheung/Desktop/IC_MSc/JOB/SSM框架/SpringBoot/瑞吉外卖/reggie_takeout/target/classes:/usr/local/maven/apache-maven-3.6.1/repository/org/springframework/boot/spring-boot-starter/2.4.5/spring-boot-starter-2.4.5.jar:/usr/local/maven/apache-maven-3.6.1/repository/org/springframework/boot/spring-boot/2.4.5/spring-boot-2.4.5.jar:/usr/local/maven/apache-maven-3.6.1/repository/org/springframework/spring-context/5.3.6/spring-context-5.3.6.jar:/usr/local/maven/apache-maven-3.6.1/repository/org/springframework/boot/spring-boot-autoconfigure/2.4.5/spring-boot-autoconfigure-2.4.5.jar:/usr/local/maven/apache-maven-3.6.1/repository/org/springframework/boot/spring-boot-starter-logging/2.4.5/spring-boot-starter-logging-2.4.5.jar:/usr/local/maven/apache-maven-3.6.1/repository/ch/qos/logback/logback-classic/1.2.3/logback-classic-1.2.3.jar:/usr/local/maven/apache-maven-3.6.1/repository/ch/qos/logback/logback-core/1.2.3/logback-core-1.2.3.jar:/usr/local/maven/apache-maven-3.6.1/repository/org/apache/logging/log4j/log4j-to-slf4j/2.13.3/log4j-to-slf4j-2.13.3.jar:/usr/local/maven/apache-maven-3.6.1/repository/org/apache/logging/log4j/log4j-api/2.13.3/log4j-api-2.13.3.jar:/usr/local/maven/apache-maven-3.6.1/repository/org/slf4j/jul-to-slf4j/1.7.30/jul-to-slf4j-1.7.30.jar:/usr/local/maven/apache-maven-3.6.1/repository/jakarta/annotation/jakarta.annotation-api/1.3.5/jakarta.annotation-api-1.3.5.jar:/usr/local/maven/apache-maven-3.6.1/repository/org/springframework/spring-core/5.3.6/spring-core-5.3.6.jar:/usr/local/maven/apache-maven-3.6.1/repository/org/springframework/spring-jcl/5.3.6/spring-jcl-5.3.6.jar:/usr/local/maven/apache-maven-3.6.1/repository/org/yaml/snakeyaml/1.27/snakeyaml-1.27.jar:/usr/local/maven/apache-maven-3.6.1/repository/org/springframework/boot/spring-boot-starter-test/2.4.5/spring-boot-starter-test-2.4.5.jar:/usr/local/maven/apache-maven-3.6.1/repository/org/springframework/boot/spring-boot-test/2.4.5/spring-boot-test-2.4.5.jar:/usr/local/maven/apache-maven-3.6.1/repository/org/springframework/boot/spring-boot-test-autoconfigure/2.4.5/spring-boot-test-autoconfigure-2.4.5.jar:/usr/local/maven/apache-maven-3.6.1/repository/com/jayway/jsonpath/json-path/2.4.0/json-path-2.4.0.jar:/usr/local/maven/apache-maven-3.6.1/repository/net/minidev/json-smart/2.3/json-smart-2.3.jar:/usr/local/maven/apache-maven-3.6.1/repository/net/minidev/accessors-smart/1.2/accessors-smart-1.2.jar:/usr/local/maven/apache-maven-3.6.1/repository/org/ow2/asm/asm/5.0.4/asm-5.0.4.jar:/usr/local/maven/apache-maven-3.6.1/repository/jakarta/xml/bind/jakarta.xml.bind-api/2.3.3/jakarta.xml.bind-api-2.3.3.jar:/usr/local/maven/apache-maven-3.6.1/repository/jakarta/activation/jakarta.activation-api/1.2.2/jakarta.activation-api-1.2.2.jar:/usr/local/maven/apache-maven-3.6.1/repository/org/assertj/assertj-core/3.18.1/assertj-core-3.18.1.jar:/usr/local/maven/apache-maven-3.6.1/repository/org/hamcrest/hamcrest/2.2/hamcrest-2.2.jar:/usr/local/maven/apache-maven-3.6.1/repository/org/junit/jupiter/junit-jupiter/5.7.1/junit-jupiter-5.7.1.jar:/usr/local/maven/apache-maven-3.6.1/repository/org/junit/jupiter/junit-jupiter-api/5.7.1/junit-jupiter-api-5.7.1.jar:/usr/local/maven/apache-maven-3.6.1/repository/org/apiguardian/apiguardian-api/1.1.0/apiguardian-api-1.1.0.jar:/usr/local/maven/apache-maven-3.6.1/repository/org/opentest4j/opentest4j/1.2.0/opentest4j-1.2.0.jar:/usr/local/maven/apache-maven-3.6.1/repository/org/junit/platform/junit-platform-commons/1.7.1/junit-platform-commons-1.7.1.jar:/usr/local/maven/apache-maven-3.6.1/repository/org/junit/jupiter/junit-jupiter-params/5.7.1/junit-jupiter-params-5.7.1.jar:/usr/local/maven/apache-maven-3.6.1/repository/org/junit/jupiter/junit-jupiter-engine/5.7.1/junit-jupiter-engine-5.7.1.jar:/usr/local/maven/apache-maven-3.6.1/repository/org/junit/platform/junit-platform-engine/1.7.1/junit-platform-engine-1.7.1.jar:/usr/local/maven/apache-maven-3.6.1/repository/org/mockito/mockito-core/3.6.28/mockito-core-3.6.28.jar:/usr/local/maven/apache-maven-3.6.1/repository/net/bytebuddy/byte-buddy/1.10.22/byte-buddy-1.10.22.jar:/usr/local/maven/apache-maven-3.6.1/repository/net/bytebuddy/byte-buddy-agent/1.10.22/byte-buddy-agent-1.10.22.jar:/usr/local/maven/apache-maven-3.6.1/repository/org/objenesis/objenesis/3.1/objenesis-3.1.jar:/usr/local/maven/apache-maven-3.6.1/repository/org/mockito/mockito-junit-jupiter/3.6.28/mockito-junit-jupiter-3.6.28.jar:/usr/local/maven/apache-maven-3.6.1/repository/org/skyscreamer/jsonassert/1.5.0/jsonassert-1.5.0.jar:/usr/local/maven/apache-maven-3.6.1/repository/com/vaadin/external/google/android-json/0.0.20131108.vaadin1/android-json-0.0.20131108.vaadin1.jar:/usr/local/maven/apache-maven-3.6.1/repository/org/springframework/spring-test/5.3.6/spring-test-5.3.6.jar:/usr/local/maven/apache-maven-3.6.1/repository/org/xmlunit/xmlunit-core/2.7.0/xmlunit-core-2.7.0.jar:/usr/local/maven/apache-maven-3.6.1/repository/org/springframework/boot/spring-boot-starter-web/2.4.5/spring-boot-starter-web-2.4.5.jar:/usr/local/maven/apache-maven-3.6.1/repository/org/springframework/boot/spring-boot-starter-json/2.4.5/spring-boot-starter-json-2.4.5.jar:/usr/local/maven/apache-maven-3.6.1/repository/com/fasterxml/jackson/core/jackson-databind/2.11.4/jackson-databind-2.11.4.jar:/usr/local/maven/apache-maven-3.6.1/repository/com/fasterxml/jackson/core/jackson-annotations/2.11.4/jackson-annotations-2.11.4.jar:/usr/local/maven/apache-maven-3.6.1/repository/com/fasterxml/jackson/core/jackson-core/2.11.4/jackson-core-2.11.4.jar:/usr/local/maven/apache-maven-3.6.1/repository/com/fasterxml/jackson/datatype/jackson-datatype-jdk8/2.11.4/jackson-datatype-jdk8-2.11.4.jar:/usr/local/maven/apache-maven-3.6.1/repository/com/fasterxml/jackson/datatype/jackson-datatype-jsr310/2.11.4/jackson-datatype-jsr310-2.11.4.jar:/usr/local/maven/apache-maven-3.6.1/repository/com/fasterxml/jackson/module/jackson-module-parameter-names/2.11.4/jackson-module-parameter-names-2.11.4.jar:/usr/local/maven/apache-maven-3.6.1/repository/org/springframework/boot/spring-boot-starter-tomcat/2.4.5/spring-boot-starter-tomcat-2.4.5.jar:/usr/local/maven/apache-maven-3.6.1/repository/org/apache/tomcat/embed/tomcat-embed-core/9.0.45/tomcat-embed-core-9.0.45.jar:/usr/local/maven/apache-maven-3.6.1/repository/org/glassfish/jakarta.el/3.0.3/jakarta.el-3.0.3.jar:/usr/local/maven/apache-maven-3.6.1/repository/org/apache/tomcat/embed/tomcat-embed-websocket/9.0.45/tomcat-embed-websocket-9.0.45.jar:/usr/local/maven/apache-maven-3.6.1/repository/org/springframework/spring-web/5.3.6/spring-web-5.3.6.jar:/usr/local/maven/apache-maven-3.6.1/repository/org/springframework/spring-beans/5.3.6/spring-beans-5.3.6.jar:/usr/local/maven/apache-maven-3.6.1/repository/org/springframework/spring-webmvc/5.3.6/spring-webmvc-5.3.6.jar:/usr/local/maven/apache-maven-3.6.1/repository/org/springframework/spring-aop/5.3.6/spring-aop-5.3.6.jar:/usr/local/maven/apache-maven-3.6.1/repository/org/springframework/spring-expression/5.3.6/spring-expression-5.3.6.jar:/usr/local/maven/apache-maven-3.6.1/repository/com/baomidou/mybatis-plus-boot-starter/3.4.2/mybatis-plus-boot-starter-3.4.2.jar:/usr/local/maven/apache-maven-3.6.1/repository/com/baomidou/mybatis-plus/3.4.2/mybatis-plus-3.4.2.jar:/usr/local/maven/apache-maven-3.6.1/repository/com/baomidou/mybatis-plus-extension/3.4.2/mybatis-plus-extension-3.4.2.jar:/usr/local/maven/apache-maven-3.6.1/repository/com/baomidou/mybatis-plus-core/3.4.2/mybatis-plus-core-3.4.2.jar:/usr/local/maven/apache-maven-3.6.1/repository/com/baomidou/mybatis-plus-annotation/3.4.2/mybatis-plus-annotation-3.4.2.jar:/usr/local/maven/apache-maven-3.6.1/repository/com/github/jsqlparser/jsqlparser/4.0/jsqlparser-4.0.jar:/usr/local/maven/apache-maven-3.6.1/repository/org/mybatis/mybatis/3.5.6/mybatis-3.5.6.jar:/usr/local/maven/apache-maven-3.6.1/repository/org/mybatis/mybatis-spring/2.0.5/mybatis-spring-2.0.5.jar:/usr/local/maven/apache-maven-3.6.1/repository/org/springframework/boot/spring-boot-starter-jdbc/2.4.5/spring-boot-starter-jdbc-2.4.5.jar:/usr/local/maven/apache-maven-3.6.1/repository/com/zaxxer/HikariCP/3.4.5/HikariCP-3.4.5.jar:/usr/local/maven/apache-maven-3.6.1/repository/org/springframework/spring-jdbc/5.3.6/spring-jdbc-5.3.6.jar:/usr/local/maven/apache-maven-3.6.1/repository/org/springframework/spring-tx/5.3.6/spring-tx-5.3.6.jar:/usr/local/maven/apache-maven-3.6.1/repository/org/projectlombok/lombok/1.18.20/lombok-1.18.20.jar:/usr/local/maven/apache-maven-3.6.1/repository/com/alibaba/fastjson/1.2.76/fastjson-1.2.76.jar:/usr/local/maven/apache-maven-3.6.1/repository/commons-lang/commons-lang/2.6/commons-lang-2.6.jar:/usr/local/maven/apache-maven-3.6.1/repository/mysql/mysql-connector-java/8.0.23/mysql-connector-java-8.0.23.jar:/usr/local/maven/apache-maven-3.6.1/repository/com/alibaba/druid-spring-boot-starter/1.1.23/druid-spring-boot-starter-1.1.23.jar:/usr/local/maven/apache-maven-3.6.1/repository/com/alibaba/druid/1.1.23/druid-1.1.23.jar:/usr/local/maven/apache-maven-3.6.1/repository/org/slf4j/slf4j-api/1.7.30/slf4j-api-1.7.30.jar:/usr/local/maven/apache-maven-3.6.1/repository/com/aliyun/aliyun-java-sdk-core/4.5.16/aliyun-java-sdk-core-4.5.16.jar:/usr/local/maven/apache-maven-3.6.1/repository/com/google/code/gson/gson/2.8.6/gson-2.8.6.jar:/usr/local/maven/apache-maven-3.6.1/repository/org/apache/httpcomponents/httpclient/4.5.13/httpclient-4.5.13.jar:/usr/local/maven/apache-maven-3.6.1/repository/org/apache/httpcomponents/httpcore/4.4.14/httpcore-4.4.14.jar:/usr/local/maven/apache-maven-3.6.1/repository/commons-logging/commons-logging/1.2/commons-logging-1.2.jar:/usr/local/maven/apache-maven-3.6.1/repository/javax/xml/bind/jaxb-api/2.3.1/jaxb-api-2.3.1.jar:/usr/local/maven/apache-maven-3.6.1/repository/javax/activation/javax.activation-api/1.2.0/javax.activation-api-1.2.0.jar:/usr/local/maven/apache-maven-3.6.1/repository/org/jacoco/org.jacoco.agent/0.8.6/org.jacoco.agent-0.8.6-runtime.jar:/usr/local/maven/apache-maven-3.6.1/repository/org/ini4j/ini4j/0.5.4/ini4j-0.5.4.jar:/usr/local/maven/apache-maven-3.6.1/repository/io/opentracing/opentracing-api/0.33.0/opentracing-api-0.33.0.jar:/usr/local/maven/apache-maven-3.6.1/repository/io/opentracing/opentracing-util/0.33.0/opentracing-util-0.33.0.jar:/usr/local/maven/apache-maven-3.6.1/repository/io/opentracing/opentracing-noop/0.33.0/opentracing-noop-0.33.0.jar:/usr/local/maven/apache-maven-3.6.1/repository/com/aliyun/aliyun-java-sdk-dysmsapi/2.1.0/aliyun-java-sdk-dysmsapi-2.1.0.jar:/usr/local/maven/apache-maven-3.6.1/repository/com/tencentcloudapi/tencentcloud-sdk-java/3.1.87/tencentcloud-sdk-java-3.1.87.jar:/usr/local/maven/apache-maven-3.6.1/repository/com/squareup/okio/okio/1.12.0/okio-1.12.0.jar:/usr/local/maven/apache-maven-3.6.1/repository/com/squareup/okhttp/okhttp/2.5.0/okhttp-2.5.0.jar:/usr/local/maven/apache-maven-3.6.1/repository/log4j/log4j/1.2.17/log4j-1.2.17.jar:/usr/local/maven/apache-maven-3.6.1/repository/com/squareup/okhttp/logging-interceptor/2.7.5/logging-interceptor-2.7.5.jar:/usr/local/maven/apache-maven-3.6.1/repository/com/github/qcloudsms/qcloudsms/1.0.6/qcloudsms-1.0.6.jar:/usr/local/maven/apache-maven-3.6.1/repository/org/json/json/20170516/json-20170516.jar:/usr/local/maven/apache-maven-3.6.1/repository/org/apache/httpcomponents/httpmime/4.5.13/httpmime-4.5.13.jar:/usr/local/maven/apache-maven-3.6.1/repository/commons-codec/commons-codec/1.15/commons-codec-1.15.jar:"/>
    <property name="https.proxyPort" value="8890"/>
    <property name="java.vm.vendor" value="Oracle Corporation"/>
    <property name="sun.arch.data.model" value="64"/>
    <property name="java.vendor.url" value="http://java.oracle.com/"/>
    <property name="user.timezone" value=""/>
    <property name="java.vm.specification.version" value="1.8"/>
    <property name="os.name" value="Mac OS X"/>
    <property name="user.country" value="CN"/>
    <property name="sun.java.launcher" value="SUN_STANDARD"/>
    <property name="sun.boot.library.path" value="/Library/Java/JavaVirtualMachines/jdk1.8.0_221.jdk/Contents/Home/jre/lib"/>
    <property name="sun.java.command" value="/Users/yifancheung/Desktop/IC_MSc/JOB/SSM框架/SpringBoot/瑞吉外卖/reggie_takeout/target/surefire/surefirebooter6426667160522338491.jar /Users/yifancheung/Desktop/IC_MSc/JOB/SSM框架/SpringBoot/瑞吉外卖/reggie_takeout/target/surefire 2022-06-03T14-09-53_167-jvmRun1 surefire5086294473419027473tmp surefire_07557556254746321084tmp"/>
    <property name="http.nonProxyHosts" value="127.0.0.1|localhost|*.localhost|192.168/16|*.192.168/16"/>
    <property name="surefire.test.class.path" value="/Users/yifancheung/Desktop/IC_MSc/JOB/SSM框架/SpringBoot/瑞吉外卖/reggie_takeout/target/test-classes:/Users/yifancheung/Desktop/IC_MSc/JOB/SSM框架/SpringBoot/瑞吉外卖/reggie_takeout/target/classes:/usr/local/maven/apache-maven-3.6.1/repository/org/springframework/boot/spring-boot-starter/2.4.5/spring-boot-starter-2.4.5.jar:/usr/local/maven/apache-maven-3.6.1/repository/org/springframework/boot/spring-boot/2.4.5/spring-boot-2.4.5.jar:/usr/local/maven/apache-maven-3.6.1/repository/org/springframework/spring-context/5.3.6/spring-context-5.3.6.jar:/usr/local/maven/apache-maven-3.6.1/repository/org/springframework/boot/spring-boot-autoconfigure/2.4.5/spring-boot-autoconfigure-2.4.5.jar:/usr/local/maven/apache-maven-3.6.1/repository/org/springframework/boot/spring-boot-starter-logging/2.4.5/spring-boot-starter-logging-2.4.5.jar:/usr/local/maven/apache-maven-3.6.1/repository/ch/qos/logback/logback-classic/1.2.3/logback-classic-1.2.3.jar:/usr/local/maven/apache-maven-3.6.1/repository/ch/qos/logback/logback-core/1.2.3/logback-core-1.2.3.jar:/usr/local/maven/apache-maven-3.6.1/repository/org/apache/logging/log4j/log4j-to-slf4j/2.13.3/log4j-to-slf4j-2.13.3.jar:/usr/local/maven/apache-maven-3.6.1/repository/org/apache/logging/log4j/log4j-api/2.13.3/log4j-api-2.13.3.jar:/usr/local/maven/apache-maven-3.6.1/repository/org/slf4j/jul-to-slf4j/1.7.30/jul-to-slf4j-1.7.30.jar:/usr/local/maven/apache-maven-3.6.1/repository/jakarta/annotation/jakarta.annotation-api/1.3.5/jakarta.annotation-api-1.3.5.jar:/usr/local/maven/apache-maven-3.6.1/repository/org/springframework/spring-core/5.3.6/spring-core-5.3.6.jar:/usr/local/maven/apache-maven-3.6.1/repository/org/springframework/spring-jcl/5.3.6/spring-jcl-5.3.6.jar:/usr/local/maven/apache-maven-3.6.1/repository/org/yaml/snakeyaml/1.27/snakeyaml-1.27.jar:/usr/local/maven/apache-maven-3.6.1/repository/org/springframework/boot/spring-boot-starter-test/2.4.5/spring-boot-starter-test-2.4.5.jar:/usr/local/maven/apache-maven-3.6.1/repository/org/springframework/boot/spring-boot-test/2.4.5/spring-boot-test-2.4.5.jar:/usr/local/maven/apache-maven-3.6.1/repository/org/springframework/boot/spring-boot-test-autoconfigure/2.4.5/spring-boot-test-autoconfigure-2.4.5.jar:/usr/local/maven/apache-maven-3.6.1/repository/com/jayway/jsonpath/json-path/2.4.0/json-path-2.4.0.jar:/usr/local/maven/apache-maven-3.6.1/repository/net/minidev/json-smart/2.3/json-smart-2.3.jar:/usr/local/maven/apache-maven-3.6.1/repository/net/minidev/accessors-smart/1.2/accessors-smart-1.2.jar:/usr/local/maven/apache-maven-3.6.1/repository/org/ow2/asm/asm/5.0.4/asm-5.0.4.jar:/usr/local/maven/apache-maven-3.6.1/repository/jakarta/xml/bind/jakarta.xml.bind-api/2.3.3/jakarta.xml.bind-api-2.3.3.jar:/usr/local/maven/apache-maven-3.6.1/repository/jakarta/activation/jakarta.activation-api/1.2.2/jakarta.activation-api-1.2.2.jar:/usr/local/maven/apache-maven-3.6.1/repository/org/assertj/assertj-core/3.18.1/assertj-core-3.18.1.jar:/usr/local/maven/apache-maven-3.6.1/repository/org/hamcrest/hamcrest/2.2/hamcrest-2.2.jar:/usr/local/maven/apache-maven-3.6.1/repository/org/junit/jupiter/junit-jupiter/5.7.1/junit-jupiter-5.7.1.jar:/usr/local/maven/apache-maven-3.6.1/repository/org/junit/jupiter/junit-jupiter-api/5.7.1/junit-jupiter-api-5.7.1.jar:/usr/local/maven/apache-maven-3.6.1/repository/org/apiguardian/apiguardian-api/1.1.0/apiguardian-api-1.1.0.jar:/usr/local/maven/apache-maven-3.6.1/repository/org/opentest4j/opentest4j/1.2.0/opentest4j-1.2.0.jar:/usr/local/maven/apache-maven-3.6.1/repository/org/junit/platform/junit-platform-commons/1.7.1/junit-platform-commons-1.7.1.jar:/usr/local/maven/apache-maven-3.6.1/repository/org/junit/jupiter/junit-jupiter-params/5.7.1/junit-jupiter-params-5.7.1.jar:/usr/local/maven/apache-maven-3.6.1/repository/org/junit/jupiter/junit-jupiter-engine/5.7.1/junit-jupiter-engine-5.7.1.jar:/usr/local/maven/apache-maven-3.6.1/repository/org/junit/platform/junit-platform-engine/1.7.1/junit-platform-engine-1.7.1.jar:/usr/local/maven/apache-maven-3.6.1/repository/org/mockito/mockito-core/3.6.28/mockito-core-3.6.28.jar:/usr/local/maven/apache-maven-3.6.1/repository/net/bytebuddy/byte-buddy/1.10.22/byte-buddy-1.10.22.jar:/usr/local/maven/apache-maven-3.6.1/repository/net/bytebuddy/byte-buddy-agent/1.10.22/byte-buddy-agent-1.10.22.jar:/usr/local/maven/apache-maven-3.6.1/repository/org/objenesis/objenesis/3.1/objenesis-3.1.jar:/usr/local/maven/apache-maven-3.6.1/repository/org/mockito/mockito-junit-jupiter/3.6.28/mockito-junit-jupiter-3.6.28.jar:/usr/local/maven/apache-maven-3.6.1/repository/org/skyscreamer/jsonassert/1.5.0/jsonassert-1.5.0.jar:/usr/local/maven/apache-maven-3.6.1/repository/com/vaadin/external/google/android-json/0.0.20131108.vaadin1/android-json-0.0.20131108.vaadin1.jar:/usr/local/maven/apache-maven-3.6.1/repository/org/springframework/spring-test/5.3.6/spring-test-5.3.6.jar:/usr/local/maven/apache-maven-3.6.1/repository/org/xmlunit/xmlunit-core/2.7.0/xmlunit-core-2.7.0.jar:/usr/local/maven/apache-maven-3.6.1/repository/org/springframework/boot/spring-boot-starter-web/2.4.5/spring-boot-starter-web-2.4.5.jar:/usr/local/maven/apache-maven-3.6.1/repository/org/springframework/boot/spring-boot-starter-json/2.4.5/spring-boot-starter-json-2.4.5.jar:/usr/local/maven/apache-maven-3.6.1/repository/com/fasterxml/jackson/core/jackson-databind/2.11.4/jackson-databind-2.11.4.jar:/usr/local/maven/apache-maven-3.6.1/repository/com/fasterxml/jackson/core/jackson-annotations/2.11.4/jackson-annotations-2.11.4.jar:/usr/local/maven/apache-maven-3.6.1/repository/com/fasterxml/jackson/core/jackson-core/2.11.4/jackson-core-2.11.4.jar:/usr/local/maven/apache-maven-3.6.1/repository/com/fasterxml/jackson/datatype/jackson-datatype-jdk8/2.11.4/jackson-datatype-jdk8-2.11.4.jar:/usr/local/maven/apache-maven-3.6.1/repository/com/fasterxml/jackson/datatype/jackson-datatype-jsr310/2.11.4/jackson-datatype-jsr310-2.11.4.jar:/usr/local/maven/apache-maven-3.6.1/repository/com/fasterxml/jackson/module/jackson-module-parameter-names/2.11.4/jackson-module-parameter-names-2.11.4.jar:/usr/local/maven/apache-maven-3.6.1/repository/org/springframework/boot/spring-boot-starter-tomcat/2.4.5/spring-boot-starter-tomcat-2.4.5.jar:/usr/local/maven/apache-maven-3.6.1/repository/org/apache/tomcat/embed/tomcat-embed-core/9.0.45/tomcat-embed-core-9.0.45.jar:/usr/local/maven/apache-maven-3.6.1/repository/org/glassfish/jakarta.el/3.0.3/jakarta.el-3.0.3.jar:/usr/local/maven/apache-maven-3.6.1/repository/org/apache/tomcat/embed/tomcat-embed-websocket/9.0.45/tomcat-embed-websocket-9.0.45.jar:/usr/local/maven/apache-maven-3.6.1/repository/org/springframework/spring-web/5.3.6/spring-web-5.3.6.jar:/usr/local/maven/apache-maven-3.6.1/repository/org/springframework/spring-beans/5.3.6/spring-beans-5.3.6.jar:/usr/local/maven/apache-maven-3.6.1/repository/org/springframework/spring-webmvc/5.3.6/spring-webmvc-5.3.6.jar:/usr/local/maven/apache-maven-3.6.1/repository/org/springframework/spring-aop/5.3.6/spring-aop-5.3.6.jar:/usr/local/maven/apache-maven-3.6.1/repository/org/springframework/spring-expression/5.3.6/spring-expression-5.3.6.jar:/usr/local/maven/apache-maven-3.6.1/repository/com/baomidou/mybatis-plus-boot-starter/3.4.2/mybatis-plus-boot-starter-3.4.2.jar:/usr/local/maven/apache-maven-3.6.1/repository/com/baomidou/mybatis-plus/3.4.2/mybatis-plus-3.4.2.jar:/usr/local/maven/apache-maven-3.6.1/repository/com/baomidou/mybatis-plus-extension/3.4.2/mybatis-plus-extension-3.4.2.jar:/usr/local/maven/apache-maven-3.6.1/repository/com/baomidou/mybatis-plus-core/3.4.2/mybatis-plus-core-3.4.2.jar:/usr/local/maven/apache-maven-3.6.1/repository/com/baomidou/mybatis-plus-annotation/3.4.2/mybatis-plus-annotation-3.4.2.jar:/usr/local/maven/apache-maven-3.6.1/repository/com/github/jsqlparser/jsqlparser/4.0/jsqlparser-4.0.jar:/usr/local/maven/apache-maven-3.6.1/repository/org/mybatis/mybatis/3.5.6/mybatis-3.5.6.jar:/usr/local/maven/apache-maven-3.6.1/repository/org/mybatis/mybatis-spring/2.0.5/mybatis-spring-2.0.5.jar:/usr/local/maven/apache-maven-3.6.1/repository/org/springframework/boot/spring-boot-starter-jdbc/2.4.5/spring-boot-starter-jdbc-2.4.5.jar:/usr/local/maven/apache-maven-3.6.1/repository/com/zaxxer/HikariCP/3.4.5/HikariCP-3.4.5.jar:/usr/local/maven/apache-maven-3.6.1/repository/org/springframework/spring-jdbc/5.3.6/spring-jdbc-5.3.6.jar:/usr/local/maven/apache-maven-3.6.1/repository/org/springframework/spring-tx/5.3.6/spring-tx-5.3.6.jar:/usr/local/maven/apache-maven-3.6.1/repository/org/projectlombok/lombok/1.18.20/lombok-1.18.20.jar:/usr/local/maven/apache-maven-3.6.1/repository/com/alibaba/fastjson/1.2.76/fastjson-1.2.76.jar:/usr/local/maven/apache-maven-3.6.1/repository/commons-lang/commons-lang/2.6/commons-lang-2.6.jar:/usr/local/maven/apache-maven-3.6.1/repository/mysql/mysql-connector-java/8.0.23/mysql-connector-java-8.0.23.jar:/usr/local/maven/apache-maven-3.6.1/repository/com/alibaba/druid-spring-boot-starter/1.1.23/druid-spring-boot-starter-1.1.23.jar:/usr/local/maven/apache-maven-3.6.1/repository/com/alibaba/druid/1.1.23/druid-1.1.23.jar:/usr/local/maven/apache-maven-3.6.1/repository/org/slf4j/slf4j-api/1.7.30/slf4j-api-1.7.30.jar:/usr/local/maven/apache-maven-3.6.1/repository/com/aliyun/aliyun-java-sdk-core/4.5.16/aliyun-java-sdk-core-4.5.16.jar:/usr/local/maven/apache-maven-3.6.1/repository/com/google/code/gson/gson/2.8.6/gson-2.8.6.jar:/usr/local/maven/apache-maven-3.6.1/repository/org/apache/httpcomponents/httpclient/4.5.13/httpclient-4.5.13.jar:/usr/local/maven/apache-maven-3.6.1/repository/org/apache/httpcomponents/httpcore/4.4.14/httpcore-4.4.14.jar:/usr/local/maven/apache-maven-3.6.1/repository/commons-logging/commons-logging/1.2/commons-logging-1.2.jar:/usr/local/maven/apache-maven-3.6.1/repository/javax/xml/bind/jaxb-api/2.3.1/jaxb-api-2.3.1.jar:/usr/local/maven/apache-maven-3.6.1/repository/javax/activation/javax.activation-api/1.2.0/javax.activation-api-1.2.0.jar:/usr/local/maven/apache-maven-3.6.1/repository/org/jacoco/org.jacoco.agent/0.8.6/org.jacoco.agent-0.8.6-runtime.jar:/usr/local/maven/apache-maven-3.6.1/repository/org/ini4j/ini4j/0.5.4/ini4j-0.5.4.jar:/usr/local/maven/apache-maven-3.6.1/repository/io/opentracing/opentracing-api/0.33.0/opentracing-api-0.33.0.jar:/usr/local/maven/apache-maven-3.6.1/repository/io/opentracing/opentracing-util/0.33.0/opentracing-util-0.33.0.jar:/usr/local/maven/apache-maven-3.6.1/repository/io/opentracing/opentracing-noop/0.33.0/opentracing-noop-0.33.0.jar:/usr/local/maven/apache-maven-3.6.1/repository/com/aliyun/aliyun-java-sdk-dysmsapi/2.1.0/aliyun-java-sdk-dysmsapi-2.1.0.jar:/usr/local/maven/apache-maven-3.6.1/repository/com/tencentcloudapi/tencentcloud-sdk-java/3.1.87/tencentcloud-sdk-java-3.1.87.jar:/usr/local/maven/apache-maven-3.6.1/repository/com/squareup/okio/okio/1.12.0/okio-1.12.0.jar:/usr/local/maven/apache-maven-3.6.1/repository/com/squareup/okhttp/okhttp/2.5.0/okhttp-2.5.0.jar:/usr/local/maven/apache-maven-3.6.1/repository/log4j/log4j/1.2.17/log4j-1.2.17.jar:/usr/local/maven/apache-maven-3.6.1/repository/com/squareup/okhttp/logging-interceptor/2.7.5/logging-interceptor-2.7.5.jar:/usr/local/maven/apache-maven-3.6.1/repository/com/github/qcloudsms/qcloudsms/1.0.6/qcloudsms-1.0.6.jar:/usr/local/maven/apache-maven-3.6.1/repository/org/json/json/20170516/json-20170516.jar:/usr/local/maven/apache-maven-3.6.1/repository/org/apache/httpcomponents/httpmime/4.5.13/httpmime-4.5.13.jar:/usr/local/maven/apache-maven-3.6.1/repository/commons-codec/commons-codec/1.15/commons-codec-1.15.jar:"/>
    <property name="sun.cpu.endian" value="little"/>
    <property name="user.home" value="/Users/yifancheung"/>
    <property name="user.language" value="en"/>
    <property name="java.specification.vendor" value="Oracle Corporation"/>
    <property name="java.home" value="/Library/Java/JavaVirtualMachines/jdk1.8.0_221.jdk/Contents/Home/jre"/>
    <property name="basedir" value="/Users/yifancheung/Desktop/IC_MSc/JOB/SSM框架/SpringBoot/瑞吉外卖/reggie_takeout"/>
    <property name="https.proxyHost" value="127.0.0.1"/>
    <property name="file.separator" value="/"/>
    <property name="line.separator" value="&#10;"/>
    <property name="java.vm.specification.vendor" value="Oracle Corporation"/>
    <property name="java.specification.name" value="Java Platform API Specification"/>
    <property name="java.awt.graphicsenv" value="sun.awt.CGraphicsEnvironment"/>
    <property name="surefire.real.class.path" value="/Users/yifancheung/Desktop/IC_MSc/JOB/SSM框架/SpringBoot/瑞吉外卖/reggie_takeout/target/surefire/surefirebooter6426667160522338491.jar"/>
    <property name="sun.boot.class.path" value="/Library/Java/JavaVirtualMachines/jdk1.8.0_221.jdk/Contents/Home/jre/lib/resources.jar:/Library/Java/JavaVirtualMachines/jdk1.8.0_221.jdk/Contents/Home/jre/lib/rt.jar:/Library/Java/JavaVirtualMachines/jdk1.8.0_221.jdk/Contents/Home/jre/lib/sunrsasign.jar:/Library/Java/JavaVirtualMachines/jdk1.8.0_221.jdk/Contents/Home/jre/lib/jsse.jar:/Library/Java/JavaVirtualMachines/jdk1.8.0_221.jdk/Contents/Home/jre/lib/jce.jar:/Library/Java/JavaVirtualMachines/jdk1.8.0_221.jdk/Contents/Home/jre/lib/charsets.jar:/Library/Java/JavaVirtualMachines/jdk1.8.0_221.jdk/Contents/Home/jre/lib/jfr.jar:/Library/Java/JavaVirtualMachines/jdk1.8.0_221.jdk/Contents/Home/jre/classes"/>
    <property name="sun.management.compiler" value="HotSpot 64-Bit Tiered Compilers"/>
    <property name="ftp.nonProxyHosts" value="127.0.0.1|localhost|*.localhost|192.168/16|*.192.168/16"/>
    <property name="java.runtime.version" value="1.8.0_221-b11"/>
    <property name="user.name" value="yifancheung"/>
    <property name="path.separator" value=":"/>
    <property name="os.version" value="10.16"/>
    <property name="java.endorsed.dirs" value="/Library/Java/JavaVirtualMachines/jdk1.8.0_221.jdk/Contents/Home/jre/lib/endorsed"/>
    <property name="java.runtime.name" value="Java(TM) SE Runtime Environment"/>
    <property name="file.encoding" value="UTF-8"/>
    <property name="java.vm.name" value="Java HotSpot(TM) 64-Bit Server VM"/>
    <property name="localRepository" value="/usr/local/maven/apache-maven-3.6.1/repository"/>
    <property name="java.vendor.url.bug" value="http://bugreport.sun.com/bugreport/"/>
    <property name="java.io.tmpdir" value="/var/folders/t0/nmgz5b592r1c3s8vgm2c29k80000gn/T/"/>
    <property name="idea.version" value="2021.2.4"/>
    <property name="java.version" value="1.8.0_221"/>
    <property name="user.dir" value="/Users/yifancheung/Desktop/IC_MSc/JOB/SSM框架/SpringBoot/瑞吉外卖/reggie_takeout"/>
    <property name="os.arch" value="x86_64"/>
    <property name="socksProxyPort" value="8891"/>
    <property name="java.vm.specification.name" value="Java Virtual Machine Specification"/>
    <property name="java.awt.printerjob" value="sun.lwawt.macosx.CPrinterJob"/>
    <property name="sun.os.patch.level" value="unknown"/>
    <property name="java.library.path" value="/Users/yifancheung/Library/Java/Extensions:/Library/Java/Extensions:/Network/Library/Java/Extensions:/System/Library/Java/Extensions:/usr/lib/java:."/>
    <property name="java.vm.info" value="mixed mode"/>
    <property name="java.vendor" value="Oracle Corporation"/>
    <property name="java.vm.version" value="25.221-b11"/>
    <property name="java.ext.dirs" value="/Users/yifancheung/Library/Java/Extensions:/Library/Java/JavaVirtualMachines/jdk1.8.0_221.jdk/Contents/Home/jre/lib/ext:/Library/Java/Extensions:/Network/Library/Java/Extensions:/System/Library/Java/Extensions:/usr/lib/java"/>
    <property name="sun.io.unicode.encoding" value="UnicodeBig"/>
    <property name="java.class.version" value="52.0"/>
    <property name="socksNonProxyHosts" value="127.0.0.1|localhost|*.localhost|192.168/16|*.192.168/16"/>
    <property name="http.proxyPort" value="8890"/>
  </properties>
  <testcase name="test1" classname="com.itheima.test.UploadFileTest" time="0.021"/>
</testsuite>